<?xml version="1.0" encoding="UTF-8"?>
<testng-results skipped="0" failed="0" ignored="0" total="1" passed="1">
  <reporter-output>
  </reporter-output>
  <suite name="Suite" duration-ms="30450" started-at="2021-08-22T08:36:54Z" finished-at="2021-08-22T08:37:25Z">
    <groups>
    </groups>
    <test name="Registeration" duration-ms="30450" started-at="2021-08-22T08:36:54Z" finished-at="2021-08-22T08:37:25Z">
      <class name="org.test.Autotest">
        <test-method status="PASS" signature="setUp()[pri:0, instance:org.test.Autotest@6f7fd0e6]" name="setUp" is-config="true" duration-ms="21662" started-at="2021-08-22T08:36:54Z" finished-at="2021-08-22T08:37:16Z">
          <reporter-output>
          </reporter-output>
        </test-method> <!-- setUp -->
        <test-method status="PASS" signature="registeration(java.lang.String, java.lang.String, java.lang.String, java.lang.String)[pri:0, instance:org.test.Autotest@6f7fd0e6]" name="registeration" duration-ms="8708" started-at="2021-08-22T08:37:16Z" finished-at="2021-08-22T08:37:25Z">
          <params>
            <param index="0">
              <value>
                <![CDATA[Mohammed]]>
              </value>
            </param>
            <param index="1">
              <value>
                <![CDATA[Imtiaz]]>
              </value>
            </param>
            <param index="2">
              <value>
                <![CDATA[imti_mohammed@yahoo.com]]>
              </value>
            </param>
            <param index="3">
              <value>
                <![CDATA[M000hammedddd12@34]]>
              </value>
            </param>
          </params>
          <reporter-output>
          </reporter-output>
        </test-method> <!-- registeration -->
      </class> <!-- org.test.Autotest -->
    </test> <!-- Registeration -->
  </suite> <!-- Suite -->
</testng-results>
